Running unit test for RobotArmArmDemo
make[1]: Entering directory '/mnt/c/Users/tcanham/source2/fprime/branches/nasa-timcanham/fprime/RobotArm/ArmDemo'
Running test/ut/runtest_LINUX with output dir linux-linux-x86-debug-gnu-ut-bin
test/ut/runtest_LINUX linux-linux-x86-debug-gnu-ut-bin
Running /mnt/c/Users/tcanham/source2/fprime/branches/nasa-timcanham/fprime/RobotArm/ArmDemo/test/ut/linux-linux-x86-debug-gnu-ut-bin/test_ut
[==========] Running 2 tests from 1 test case.
[----------] Global test environment set-up.
[----------] 2 tests from TestNominal
[ RUN      ] TestNominal.CycleTest
[       OK ] TestNominal.CycleTest (0 ms)
[ RUN      ] TestNominal.Angles
[       OK ] TestNominal.Angles (0 ms)
[----------] 2 tests from TestNominal (0 ms total)

[----------] Global test environment tear-down
[==========] 2 tests from 1 test case ran. (0 ms total)
[  PASSED  ] 2 tests.
make[1]: Leaving directory '/mnt/c/Users/tcanham/source2/fprime/branches/nasa-timcanham/fprime/RobotArm/ArmDemo'
